2017-Oct-06 17:13:42.626985 INFO [daemon] una v0.0.1.1()
2017-Oct-06 17:13:42.627147 INFO [daemon] Module folder: ./unad
2017-Oct-06 17:13:42.627680 INFO [daemon] Initializing p2p server...
2017-Oct-06 17:13:42.627836 INFO [node_server] Binding on 0.0.0.0:44714
2017-Oct-06 17:13:42.627907 INFO [node_server] Net service binded on 0.0.0.0:44714
2017-Oct-06 17:13:42.627955 INFO [node_server] Attempting to add IGD port mapping.
2017-Oct-06 17:13:46.632473 INFO [node_server] No IGD was found.
2017-Oct-06 17:13:46.632696 INFO [daemon] P2p server initialized OK
2017-Oct-06 17:13:46.632820 INFO [daemon] Initializing core...
2017-Oct-06 17:13:46.633223 INFO [Blockchain] Blockchain not loaded, generating genesis block.
2017-Oct-06 17:13:46.633679 INFO [Blockchain] Blockchain initialized. last block: 0, d1920.h10.m13.s46 time ago, current difficulty: 1
2017-Oct-06 17:13:46.633848 INFO [daemon] Core initialized OK
2017-Oct-06 17:13:46.634117 INFO [daemon] Starting core rpc server on address 127.0.0.1:44715
2017-Oct-06 17:13:46.634354 INFO [daemon] Core rpc server started ok
2017-Oct-06 17:13:46.634524 INFO [daemon] Starting p2p net loop...
2017-Oct-06 17:13:46.634672 INFO [node_server] Starting node_server
2017-Oct-06 17:14:07.644967 INFO [protocol] 
2017-Oct-06 17:14:07.644967 INFO [protocol] **********************************************************************
2017-Oct-06 17:14:07.644967 INFO [protocol] You are now synchronized with the network. You may now start simplewallet.
2017-Oct-06 17:14:07.644967 INFO [protocol] 
2017-Oct-06 17:14:07.644967 INFO [protocol] Please note, that the blockchain will be saved only after you quit the daemon with "exit" command or if you use "save" command.
2017-Oct-06 17:14:07.644967 INFO [protocol] Otherwise, you will possibly need to synchronize the blockchain again.
2017-Oct-06 17:14:07.644967 INFO [protocol] 
2017-Oct-06 17:14:07.644967 INFO [protocol] Use "help" command to see the list of available commands.
2017-Oct-06 17:14:07.644967 INFO [protocol] **********************************************************************
2017-Oct-06 17:14:18.157372 INFO [core] 
2017-Oct-06 17:14:18.157372 INFO [core] **********************************************************************
2017-Oct-06 17:14:18.157372 INFO [core] The daemon will start synchronizing with the network. It may take up to several hours.
2017-Oct-06 17:14:18.157372 INFO [core] 
2017-Oct-06 17:14:18.157372 INFO [core] You can set the level of process detailization* through "set_log <level>" command*, where <level> is between 0 (no details) and 4 (very verbose).
2017-Oct-06 17:14:18.157372 INFO [core] 
2017-Oct-06 17:14:18.157372 INFO [core] Use "help" command to see the list of available commands.
2017-Oct-06 17:14:18.157372 INFO [core] 
2017-Oct-06 17:14:18.157372 INFO [core] Note: in case you need to interrupt the process, use "exit" command. Otherwise, the current progress won't be saved.
2017-Oct-06 17:14:18.157372 INFO [core] **********************************************************************
2017-Oct-06 22:02:50.183236 INFO [node_server] Stop signal sent
2017-Oct-06 22:02:50.183299 INFO [node_server] Stopping NodeServer and it's0 connections...
2017-Oct-06 22:02:50.184155 INFO [node_server] NodeServer loop stopped
2017-Oct-06 22:02:50.184305 INFO [daemon] p2p net loop stopped
2017-Oct-06 22:02:50.184420 INFO [daemon] Stopping core rpc server...
2017-Oct-06 22:02:50.184558 INFO [daemon] Deinitializing core...
2017-Oct-06 22:02:50.184662 INFO [miner] Mining has been stopped, 0 finished
2017-Oct-06 22:02:50.184918 INFO [Blockchain] Saving blockchain...
2017-Oct-06 22:02:50.185060 INFO [BlockCacheSerializer] - saving block index...
2017-Oct-06 22:02:50.185182 INFO [BlockCacheSerializer] - saving transaction map...
2017-Oct-06 22:02:50.185321 INFO [BlockCacheSerializer] - saving spent keys...
2017-Oct-06 22:02:50.185412 INFO [BlockCacheSerializer] - saving outputs...
2017-Oct-06 22:02:50.185562 INFO [BlockCacheSerializer] - saving multi-signature outputs...
2017-Oct-06 22:02:50.185660 INFO [BlockCacheSerializer] Serialization time: 0ms
2017-Oct-06 22:02:50.185781 INFO [Blockchain] Saving blockchain indices...
2017-Oct-06 22:02:50.185907 INFO [BlockchainIndicesSerializer] - saving paymentID index...
2017-Oct-06 22:02:50.186004 INFO [BlockchainIndicesSerializer] - saving timestamp index...
2017-Oct-06 22:02:50.186150 INFO [BlockchainIndicesSerializer] - saving generated transactions index...
2017-Oct-06 22:02:50.186284 INFO [daemon] Deinitializing p2p...
2017-Oct-06 22:02:50.186623 INFO [miner] Mining has been stopped, 0 finished
2017-Oct-06 22:02:50.187237 INFO [daemon] Node stopped.
2017-Oct-07 17:17:10.753582 INFO [daemon] una v0.0.1.1()
2017-Oct-07 17:17:10.778203 INFO [daemon] Module folder: ./unad
2017-Oct-07 17:17:10.779259 INFO [daemon] Initializing p2p server...
2017-Oct-07 17:17:10.780022 INFO [node_server] Binding on 0.0.0.0:44714
2017-Oct-07 17:17:10.780192 INFO [node_server] Net service binded on 0.0.0.0:44714
2017-Oct-07 17:17:10.780344 INFO [node_server] Attempting to add IGD port mapping.
2017-Oct-07 17:17:14.785059 INFO [node_server] No IGD was found.
2017-Oct-07 17:17:14.785284 INFO [daemon] P2p server initialized OK
2017-Oct-07 17:17:14.785415 INFO [daemon] Initializing core...
2017-Oct-07 17:17:14.791747 INFO [Blockchain] Loading blockchain...
2017-Oct-07 17:17:14.802027 INFO [BlockCacheSerializer] - loading block index...
2017-Oct-07 17:17:14.802230 INFO [BlockCacheSerializer] - loading transaction map...
2017-Oct-07 17:17:14.802374 INFO [BlockCacheSerializer] - loading spent keys...
2017-Oct-07 17:17:14.802484 INFO [BlockCacheSerializer] - loading outputs...
2017-Oct-07 17:17:14.802843 INFO [BlockCacheSerializer] - loading multi-signature outputs...
2017-Oct-07 17:17:14.802930 INFO [BlockCacheSerializer] Serialization time: 1ms
2017-Oct-07 17:17:14.803010 INFO [Blockchain] Loading blockchain indices for BlockchainExplorer...
2017-Oct-07 17:17:14.803422 INFO [BlockchainIndicesSerializer] - loading paymentID index...
2017-Oct-07 17:17:14.803506 INFO [BlockchainIndicesSerializer] - loading timestamp index...
2017-Oct-07 17:17:14.803619 INFO [BlockchainIndicesSerializer] - loading generated transactions index...
2017-Oct-07 17:17:14.883158 INFO [Blockchain] Blockchain initialized. last block: 94, d0.h19.m22.s3 time ago, current difficulty: 1828
2017-Oct-07 17:17:14.883251 INFO [daemon] Core initialized OK
2017-Oct-07 17:17:14.883417 INFO [daemon] Starting core rpc server on address 127.0.0.1:44715
2017-Oct-07 17:17:14.883512 INFO [daemon] Core rpc server started ok
2017-Oct-07 17:17:14.883561 INFO [daemon] Starting p2p net loop...
2017-Oct-07 17:17:14.883599 INFO [node_server] Starting node_server
2017-Oct-07 17:17:25.475800 INFO [protocol] 
2017-Oct-07 17:17:25.475800 INFO [protocol] **********************************************************************
2017-Oct-07 17:17:25.475800 INFO [protocol] You are now synchronized with the network. You may now start simplewallet.
2017-Oct-07 17:17:25.475800 INFO [protocol] 
2017-Oct-07 17:17:25.475800 INFO [protocol] Please note, that the blockchain will be saved only after you quit the daemon with "exit" command or if you use "save" command.
2017-Oct-07 17:17:25.475800 INFO [protocol] Otherwise, you will possibly need to synchronize the blockchain again.
2017-Oct-07 17:17:25.475800 INFO [protocol] 
2017-Oct-07 17:17:25.475800 INFO [protocol] Use "help" command to see the list of available commands.
2017-Oct-07 17:17:25.475800 INFO [protocol] **********************************************************************
2017-Oct-07 17:17:35.986879 INFO [core] 
2017-Oct-07 17:17:35.986879 INFO [core] **********************************************************************
2017-Oct-07 17:17:35.986879 INFO [core] The daemon will start synchronizing with the network. It may take up to several hours.
2017-Oct-07 17:17:35.986879 INFO [core] 
2017-Oct-07 17:17:35.986879 INFO [core] You can set the level of process detailization* through "set_log <level>" command*, where <level> is between 0 (no details) and 4 (very verbose).
2017-Oct-07 17:17:35.986879 INFO [core] 
2017-Oct-07 17:17:35.986879 INFO [core] Use "help" command to see the list of available commands.
2017-Oct-07 17:17:35.986879 INFO [core] 
2017-Oct-07 17:17:35.986879 INFO [core] Note: in case you need to interrupt the process, use "exit" command. Otherwise, the current progress won't be saved.
2017-Oct-07 17:17:35.986879 INFO [core] **********************************************************************
2017-Oct-07 18:16:16.293662 INFO [node_server] Stop signal sent
2017-Oct-07 18:16:16.293705 INFO [node_server] Stopping NodeServer and it's2 connections...
2017-Oct-07 18:16:16.294066 INFO [node_server] NodeServer loop stopped
2017-Oct-07 18:16:16.294111 INFO [daemon] p2p net loop stopped
2017-Oct-07 18:16:16.294148 INFO [daemon] Stopping core rpc server...
2017-Oct-07 18:16:16.294205 INFO [daemon] Deinitializing core...
2017-Oct-07 18:16:16.294243 INFO [miner] Mining has been stopped, 0 finished
2017-Oct-07 18:16:16.294395 INFO [Blockchain] Saving blockchain...
2017-Oct-07 18:16:16.294461 INFO [BlockCacheSerializer] - saving block index...
2017-Oct-07 18:16:16.294549 INFO [BlockCacheSerializer] - saving transaction map...
2017-Oct-07 18:16:16.294674 INFO [BlockCacheSerializer] - saving spent keys...
2017-Oct-07 18:16:16.294712 INFO [BlockCacheSerializer] - saving outputs...
2017-Oct-07 18:16:16.294786 INFO [BlockCacheSerializer] - saving multi-signature outputs...
2017-Oct-07 18:16:16.294823 INFO [BlockCacheSerializer] Serialization time: 0ms
2017-Oct-07 18:16:16.294886 INFO [Blockchain] Saving blockchain indices...
2017-Oct-07 18:16:16.294944 INFO [BlockchainIndicesSerializer] - saving paymentID index...
2017-Oct-07 18:16:16.294983 INFO [BlockchainIndicesSerializer] - saving timestamp index...
2017-Oct-07 18:16:16.295129 INFO [BlockchainIndicesSerializer] - saving generated transactions index...
2017-Oct-07 18:16:16.295240 INFO [daemon] Deinitializing p2p...
2017-Oct-07 18:16:16.295360 INFO [miner] Mining has been stopped, 0 finished
2017-Oct-07 18:16:16.296171 INFO [daemon] Node stopped.
2017-Oct-09 19:22:05.209231 INFO [daemon] una v0.0.1.1()
2017-Oct-09 19:22:05.214781 INFO [daemon] Module folder: ./unad
2017-Oct-09 19:22:05.215465 INFO [daemon] Initializing p2p server...
2017-Oct-09 19:22:05.221883 INFO [node_server] Binding on 0.0.0.0:44714
2017-Oct-09 19:22:05.222032 INFO [node_server] Net service binded on 0.0.0.0:44714
2017-Oct-09 19:22:05.222107 INFO [node_server] Attempting to add IGD port mapping.
2017-Oct-09 19:22:09.226863 INFO [node_server] No IGD was found.
2017-Oct-09 19:22:09.227083 INFO [daemon] P2p server initialized OK
2017-Oct-09 19:22:09.227217 INFO [daemon] Initializing core...
2017-Oct-09 19:22:09.339582 INFO [Blockchain] Loading blockchain...
2017-Oct-09 19:22:09.340576 WARNING [Blockchain] No actual blockchain cache found, rebuilding internal structures...
2017-Oct-09 19:22:09.340660 INFO [Blockchain] Height 0 of 775
2017-Oct-09 19:22:09.367468 INFO [Blockchain] Rebuilding internal structures took: 0.026818
2017-Oct-09 19:22:09.367554 INFO [Blockchain] Loading blockchain indices for BlockchainExplorer...
2017-Oct-09 19:22:09.367851 WARNING [Blockchain] No actual blockchain indices for BlockchainExplorer found, rebuilding...
2017-Oct-09 19:22:09.367942 INFO [Blockchain] Height 0 of 775
2017-Oct-09 19:22:09.379535 INFO [Blockchain] Rebuilding blockchain indices took: 0.0115937
2017-Oct-09 19:22:09.379747 INFO [Blockchain] Blockchain initialized. last block: 774, d1.h22.m26.s7 time ago, current difficulty: 600
2017-Oct-09 19:22:09.379796 INFO [daemon] Core initialized OK
2017-Oct-09 19:22:09.379889 INFO [daemon] Starting core rpc server on address 127.0.0.1:44715
2017-Oct-09 19:22:09.379965 INFO [daemon] Core rpc server started ok
2017-Oct-09 19:22:09.380012 INFO [daemon] Starting p2p net loop...
2017-Oct-09 19:22:09.380050 INFO [node_server] Starting node_server
2017-Oct-09 19:22:19.963044 INFO [protocol] [18.221.22.132:44714 OUT] Sync data returned unknown top block: 774 -> 1509 [735 blocks (0 days) behind] 
2017-Oct-09 19:22:19.963044 INFO [protocol] SYNCHRONIZATION started
2017-Oct-09 19:22:19.963532 INFO [core] 
2017-Oct-09 19:22:19.963532 INFO [core] **********************************************************************
2017-Oct-09 19:22:19.963532 INFO [core] The daemon will start synchronizing with the network. It may take up to several hours.
2017-Oct-09 19:22:19.963532 INFO [core] 
2017-Oct-09 19:22:19.963532 INFO [core] You can set the level of process detailization* through "set_log <level>" command*, where <level> is between 0 (no details) and 4 (very verbose).
2017-Oct-09 19:22:19.963532 INFO [core] 
2017-Oct-09 19:22:19.963532 INFO [core] Use "help" command to see the list of available commands.
2017-Oct-09 19:22:19.963532 INFO [core] 
2017-Oct-09 19:22:19.963532 INFO [core] Note: in case you need to interrupt the process, use "exit" command. Otherwise, the current progress won't be saved.
2017-Oct-09 19:22:19.963532 INFO [core] **********************************************************************
2017-Oct-09 19:22:22.882771 INFO [protocol] [18.221.22.132:44714 OUT] SYNCHRONIZED OK
2017-Oct-09 19:22:22.882836 INFO [protocol] 
2017-Oct-09 19:22:22.882836 INFO [protocol] **********************************************************************
2017-Oct-09 19:22:22.882836 INFO [protocol] You are now synchronized with the network. You may now start simplewallet.
2017-Oct-09 19:22:22.882836 INFO [protocol] 
2017-Oct-09 19:22:22.882836 INFO [protocol] Please note, that the blockchain will be saved only after you quit the daemon with "exit" command or if you use "save" command.
2017-Oct-09 19:22:22.882836 INFO [protocol] Otherwise, you will possibly need to synchronize the blockchain again.
2017-Oct-09 19:22:22.882836 INFO [protocol] 
2017-Oct-09 19:22:22.882836 INFO [protocol] Use "help" command to see the list of available commands.
2017-Oct-09 19:22:22.882836 INFO [protocol] **********************************************************************
2017-Oct-09 21:15:54.691553 INFO [node_server] Stop signal sent
2017-Oct-09 21:15:54.691611 INFO [node_server] Stopping NodeServer and it's1 connections...
2017-Oct-09 21:15:54.692018 INFO [node_server] NodeServer loop stopped
2017-Oct-09 21:15:54.692094 INFO [daemon] p2p net loop stopped
2017-Oct-09 21:15:54.692176 INFO [daemon] Stopping core rpc server...
2017-Oct-09 21:15:54.692279 INFO [daemon] Deinitializing core...
2017-Oct-09 21:15:54.692377 INFO [miner] Mining has been stopped, 0 finished
2017-Oct-09 21:15:54.692674 INFO [Blockchain] Saving blockchain...
2017-Oct-09 21:15:54.692791 INFO [BlockCacheSerializer] - saving block index...
2017-Oct-09 21:15:54.693236 INFO [BlockCacheSerializer] - saving transaction map...
2017-Oct-09 21:15:54.694172 INFO [BlockCacheSerializer] - saving spent keys...
2017-Oct-09 21:15:54.694291 INFO [BlockCacheSerializer] - saving outputs...
2017-Oct-09 21:15:54.694905 INFO [BlockCacheSerializer] - saving multi-signature outputs...
2017-Oct-09 21:15:54.694986 INFO [BlockCacheSerializer] Serialization time: 2ms
2017-Oct-09 21:15:54.695158 INFO [Blockchain] Saving blockchain indices...
2017-Oct-09 21:15:54.695269 INFO [BlockchainIndicesSerializer] - saving paymentID index...
2017-Oct-09 21:15:54.695338 INFO [BlockchainIndicesSerializer] - saving timestamp index...
2017-Oct-09 21:15:54.696492 INFO [BlockchainIndicesSerializer] - saving generated transactions index...
2017-Oct-09 21:15:54.697189 INFO [daemon] Deinitializing p2p...
2017-Oct-09 21:15:54.697392 INFO [miner] Mining has been stopped, 0 finished
2017-Oct-09 21:15:54.699698 INFO [daemon] Node stopped.
2017-Oct-11 17:28:05.767688 INFO [daemon] una v0.0.1.1()
2017-Oct-11 17:28:05.777506 INFO [daemon] Module folder: ./unad
2017-Oct-11 17:28:05.778745 INFO [daemon] Initializing p2p server...
2017-Oct-11 17:28:05.787311 INFO [node_server] Binding on 0.0.0.0:44714
2017-Oct-11 17:28:05.787495 INFO [node_server] Net service binded on 0.0.0.0:44714
2017-Oct-11 17:28:05.787655 INFO [node_server] Attempting to add IGD port mapping.
2017-Oct-11 17:28:09.791473 INFO [node_server] No IGD was found.
2017-Oct-11 17:28:09.791616 INFO [daemon] P2p server initialized OK
2017-Oct-11 17:28:09.791677 INFO [daemon] Initializing core...
2017-Oct-11 17:28:09.805362 INFO [Blockchain] Loading blockchain...
2017-Oct-11 17:28:09.806507 INFO [BlockCacheSerializer] - loading block index...
2017-Oct-11 17:28:09.807868 INFO [BlockCacheSerializer] - loading transaction map...
2017-Oct-11 17:28:09.809049 INFO [BlockCacheSerializer] - loading spent keys...
2017-Oct-11 17:28:09.809134 INFO [BlockCacheSerializer] - loading outputs...
2017-Oct-11 17:28:09.810102 INFO [BlockCacheSerializer] - loading multi-signature outputs...
2017-Oct-11 17:28:09.810184 INFO [BlockCacheSerializer] Serialization time: 4ms
2017-Oct-11 17:28:09.810267 INFO [Blockchain] Loading blockchain indices for BlockchainExplorer...
2017-Oct-11 17:28:09.810705 INFO [BlockchainIndicesSerializer] - loading paymentID index...
2017-Oct-11 17:28:09.810805 INFO [BlockchainIndicesSerializer] - loading timestamp index...
2017-Oct-11 17:28:09.812154 INFO [BlockchainIndicesSerializer] - loading generated transactions index...
2017-Oct-11 17:28:09.831921 INFO [Blockchain] Blockchain initialized. last block: 2436, d1.h20.m13.s22 time ago, current difficulty: 3504
2017-Oct-11 17:28:09.832011 INFO [daemon] Core initialized OK
2017-Oct-11 17:28:09.832107 INFO [daemon] Starting core rpc server on address 127.0.0.1:44715
2017-Oct-11 17:28:09.832193 INFO [daemon] Core rpc server started ok
2017-Oct-11 17:28:09.832246 INFO [daemon] Starting p2p net loop...
2017-Oct-11 17:28:09.832301 INFO [node_server] Starting node_server
2017-Oct-11 17:28:20.416722 INFO [protocol] 
2017-Oct-11 17:28:20.416722 INFO [protocol] **********************************************************************
2017-Oct-11 17:28:20.416722 INFO [protocol] You are now synchronized with the network. You may now start simplewallet.
2017-Oct-11 17:28:20.416722 INFO [protocol] 
2017-Oct-11 17:28:20.416722 INFO [protocol] Please note, that the blockchain will be saved only after you quit the daemon with "exit" command or if you use "save" command.
2017-Oct-11 17:28:20.416722 INFO [protocol] Otherwise, you will possibly need to synchronize the blockchain again.
2017-Oct-11 17:28:20.416722 INFO [protocol] 
2017-Oct-11 17:28:20.416722 INFO [protocol] Use "help" command to see the list of available commands.
2017-Oct-11 17:28:20.416722 INFO [protocol] **********************************************************************
2017-Oct-11 17:28:34.094108 INFO [core] 
2017-Oct-11 17:28:34.094108 INFO [core] **********************************************************************
2017-Oct-11 17:28:34.094108 INFO [core] The daemon will start synchronizing with the network. It may take up to several hours.
2017-Oct-11 17:28:34.094108 INFO [core] 
2017-Oct-11 17:28:34.094108 INFO [core] You can set the level of process detailization* through "set_log <level>" command*, where <level> is between 0 (no details) and 4 (very verbose).
2017-Oct-11 17:28:34.094108 INFO [core] 
2017-Oct-11 17:28:34.094108 INFO [core] Use "help" command to see the list of available commands.
2017-Oct-11 17:28:34.094108 INFO [core] 
2017-Oct-11 17:28:34.094108 INFO [core] Note: in case you need to interrupt the process, use "exit" command. Otherwise, the current progress won't be saved.
2017-Oct-11 17:28:34.094108 INFO [core] **********************************************************************
2017-Oct-11 18:30:33.642811 INFO [node_server] Stop signal sent
2017-Oct-11 18:30:33.642823 INFO [node_server] Stopping NodeServer and it's1 connections...
2017-Oct-11 18:30:33.643431 INFO [node_server] NodeServer loop stopped
2017-Oct-11 18:30:33.643556 INFO [daemon] p2p net loop stopped
2017-Oct-11 18:30:33.643669 INFO [daemon] Stopping core rpc server...
2017-Oct-11 18:30:33.643823 INFO [daemon] Deinitializing core...
2017-Oct-11 18:30:33.643939 INFO [miner] Mining has been stopped, 0 finished
2017-Oct-11 18:30:33.644234 INFO [Blockchain] Saving blockchain...
2017-Oct-11 18:30:33.644793 INFO [BlockCacheSerializer] - saving block index...
2017-Oct-11 18:30:33.645278 INFO [BlockCacheSerializer] - saving transaction map...
2017-Oct-11 18:30:33.646026 INFO [BlockCacheSerializer] - saving spent keys...
2017-Oct-11 18:30:33.646096 INFO [BlockCacheSerializer] - saving outputs...
2017-Oct-11 18:30:33.646489 INFO [BlockCacheSerializer] - saving multi-signature outputs...
2017-Oct-11 18:30:33.646553 INFO [BlockCacheSerializer] Serialization time: 1ms
2017-Oct-11 18:30:33.646720 INFO [Blockchain] Saving blockchain indices...
2017-Oct-11 18:30:33.646834 INFO [BlockchainIndicesSerializer] - saving paymentID index...
2017-Oct-11 18:30:33.646898 INFO [BlockchainIndicesSerializer] - saving timestamp index...
2017-Oct-11 18:30:33.647963 INFO [BlockchainIndicesSerializer] - saving generated transactions index...
2017-Oct-11 18:30:33.648569 INFO [daemon] Deinitializing p2p...
2017-Oct-11 18:30:33.648768 INFO [miner] Mining has been stopped, 0 finished
2017-Oct-11 18:30:33.650718 INFO [daemon] Node stopped.
2017-Oct-13 17:01:08.968306 INFO [daemon] una v0.0.1.1()
2017-Oct-13 17:01:08.969014 INFO [daemon] Module folder: ./unad
2017-Oct-13 17:01:08.969529 INFO [daemon] Initializing p2p server...
2017-Oct-13 17:01:08.969987 INFO [node_server] Binding on 0.0.0.0:44714
2017-Oct-13 17:01:08.970071 INFO [node_server] Net service binded on 0.0.0.0:44714
2017-Oct-13 17:01:08.970116 INFO [node_server] Attempting to add IGD port mapping.
2017-Oct-13 17:01:12.974443 INFO [node_server] No IGD was found.
2017-Oct-13 17:01:12.974558 INFO [daemon] P2p server initialized OK
2017-Oct-13 17:01:12.974610 INFO [daemon] Initializing core...
2017-Oct-13 17:01:12.988544 INFO [Blockchain] Loading blockchain...
2017-Oct-13 17:01:12.997407 INFO [BlockCacheSerializer] - loading block index...
2017-Oct-13 17:01:12.998198 INFO [BlockCacheSerializer] - loading transaction map...
2017-Oct-13 17:01:13.000639 INFO [BlockCacheSerializer] - loading spent keys...
2017-Oct-13 17:01:13.000710 INFO [BlockCacheSerializer] - loading outputs...
2017-Oct-13 17:01:13.001713 INFO [BlockCacheSerializer] - loading multi-signature outputs...
2017-Oct-13 17:01:13.001765 INFO [BlockCacheSerializer] Serialization time: 12ms
2017-Oct-13 17:01:13.001807 INFO [Blockchain] Loading blockchain indices for BlockchainExplorer...
2017-Oct-13 17:01:13.012006 INFO [BlockchainIndicesSerializer] - loading paymentID index...
2017-Oct-13 17:01:13.012167 INFO [BlockchainIndicesSerializer] - loading timestamp index...
2017-Oct-13 17:01:13.013552 INFO [BlockchainIndicesSerializer] - loading generated transactions index...
2017-Oct-13 17:01:13.034955 INFO [Blockchain] Blockchain initialized. last block: 2476, d1.h22.m34.s47 time ago, current difficulty: 3553
2017-Oct-13 17:01:13.035047 INFO [daemon] Core initialized OK
2017-Oct-13 17:01:13.035148 INFO [daemon] Starting core rpc server on address 127.0.0.1:44715
2017-Oct-13 17:01:13.035226 INFO [daemon] Core rpc server started ok
2017-Oct-13 17:01:13.035272 INFO [daemon] Starting p2p net loop...
2017-Oct-13 17:01:13.035310 INFO [node_server] Starting node_server
2017-Oct-13 17:01:23.597007 INFO [protocol] 
2017-Oct-13 17:01:23.597007 INFO [protocol] **********************************************************************
2017-Oct-13 17:01:23.597007 INFO [protocol] You are now synchronized with the network. You may now start simplewallet.
2017-Oct-13 17:01:23.597007 INFO [protocol] 
2017-Oct-13 17:01:23.597007 INFO [protocol] Please note, that the blockchain will be saved only after you quit the daemon with "exit" command or if you use "save" command.
2017-Oct-13 17:01:23.597007 INFO [protocol] Otherwise, you will possibly need to synchronize the blockchain again.
2017-Oct-13 17:01:23.597007 INFO [protocol] 
2017-Oct-13 17:01:23.597007 INFO [protocol] Use "help" command to see the list of available commands.
2017-Oct-13 17:01:23.597007 INFO [protocol] **********************************************************************
2017-Oct-13 17:01:34.173844 INFO [core] 
2017-Oct-13 17:01:34.173844 INFO [core] **********************************************************************
2017-Oct-13 17:01:34.173844 INFO [core] The daemon will start synchronizing with the network. It may take up to several hours.
2017-Oct-13 17:01:34.173844 INFO [core] 
2017-Oct-13 17:01:34.173844 INFO [core] You can set the level of process detailization* through "set_log <level>" command*, where <level> is between 0 (no details) and 4 (very verbose).
2017-Oct-13 17:01:34.173844 INFO [core] 
2017-Oct-13 17:01:34.173844 INFO [core] Use "help" command to see the list of available commands.
2017-Oct-13 17:01:34.173844 INFO [core] 
2017-Oct-13 17:01:34.173844 INFO [core] Note: in case you need to interrupt the process, use "exit" command. Otherwise, the current progress won't be saved.
2017-Oct-13 17:01:34.173844 INFO [core] **********************************************************************
2017-Oct-13 19:08:24.370170 INFO [node_server] Stop signal sent
2017-Oct-13 19:08:24.370220 INFO [node_server] Stopping NodeServer and it's2 connections...
2017-Oct-13 19:08:24.370649 INFO [node_server] NodeServer loop stopped
2017-Oct-13 19:08:24.370711 INFO [daemon] p2p net loop stopped
2017-Oct-13 19:08:24.370784 INFO [daemon] Stopping core rpc server...
2017-Oct-13 19:08:24.370883 INFO [daemon] Deinitializing core...
2017-Oct-13 19:08:24.370952 INFO [miner] Mining has been stopped, 0 finished
2017-Oct-13 19:08:24.371185 INFO [Blockchain] Saving blockchain...
2017-Oct-13 19:08:24.371412 INFO [BlockCacheSerializer] - saving block index...
2017-Oct-13 19:08:24.371928 INFO [BlockCacheSerializer] - saving transaction map...
2017-Oct-13 19:08:24.372931 INFO [BlockCacheSerializer] - saving spent keys...
2017-Oct-13 19:08:24.373004 INFO [BlockCacheSerializer] - saving outputs...
2017-Oct-13 19:08:24.373538 INFO [BlockCacheSerializer] - saving multi-signature outputs...
2017-Oct-13 19:08:24.373612 INFO [BlockCacheSerializer] Serialization time: 2ms
2017-Oct-13 19:08:24.373829 INFO [Blockchain] Saving blockchain indices...
2017-Oct-13 19:08:24.373963 INFO [BlockchainIndicesSerializer] - saving paymentID index...
2017-Oct-13 19:08:24.374047 INFO [BlockchainIndicesSerializer] - saving timestamp index...
2017-Oct-13 19:08:24.375650 INFO [BlockchainIndicesSerializer] - saving generated transactions index...
2017-Oct-13 19:08:24.376647 INFO [daemon] Deinitializing p2p...
2017-Oct-13 19:08:24.376877 INFO [miner] Mining has been stopped, 0 finished
2017-Oct-13 19:08:24.379513 INFO [daemon] Node stopped.
2017-Oct-29 15:48:05.928244 INFO [daemon] una v0.0.1.1()
2017-Oct-29 15:48:05.936599 INFO [daemon] Module folder: ./unad
2017-Oct-29 15:48:05.937245 INFO [daemon] Initializing p2p server...
2017-Oct-29 15:48:05.937801 INFO [node_server] Binding on 0.0.0.0:44714
2017-Oct-29 15:48:05.937905 INFO [node_server] Net service binded on 0.0.0.0:44714
2017-Oct-29 15:48:05.937962 INFO [node_server] Attempting to add IGD port mapping.
2017-Oct-29 15:48:07.031496 ERROR [node_server] UPNP_AddPortMapping failed.
2017-Oct-29 15:48:07.031641 INFO [daemon] P2p server initialized OK
2017-Oct-29 15:48:07.031706 INFO [daemon] Initializing core...
2017-Oct-29 15:48:07.035226 INFO [Blockchain] Loading blockchain...
2017-Oct-29 15:48:07.036145 WARNING [Blockchain] No actual blockchain cache found, rebuilding internal structures...
2017-Oct-29 15:48:07.036226 INFO [Blockchain] Height 0 of 7279
2017-Oct-29 15:48:07.063112 INFO [Blockchain] Height 1000 of 7279
2017-Oct-29 15:48:07.086748 INFO [Blockchain] Height 2000 of 7279
2017-Oct-29 15:48:07.116263 INFO [Blockchain] Height 3000 of 7279
2017-Oct-29 15:48:07.148983 INFO [Blockchain] Height 4000 of 7279
2017-Oct-29 15:48:07.177333 INFO [Blockchain] Height 5000 of 7279
2017-Oct-29 15:48:07.201404 INFO [Blockchain] Height 6000 of 7279
2017-Oct-29 15:48:07.225518 INFO [Blockchain] Height 7000 of 7279
2017-Oct-29 15:48:07.231710 INFO [Blockchain] Rebuilding internal structures took: 0.195486
2017-Oct-29 15:48:07.231774 INFO [Blockchain] Loading blockchain indices for BlockchainExplorer...
2017-Oct-29 15:48:07.232235 WARNING [Blockchain] No actual blockchain indices for BlockchainExplorer found, rebuilding...
2017-Oct-29 15:48:07.232297 INFO [Blockchain] Height 0 of 7279
2017-Oct-29 15:48:07.255982 INFO [Blockchain] Height 1000 of 7279
2017-Oct-29 15:48:07.279312 INFO [Blockchain] Height 2000 of 7279
2017-Oct-29 15:48:07.303203 INFO [Blockchain] Height 3000 of 7279
2017-Oct-29 15:48:07.327162 INFO [Blockchain] Height 4000 of 7279
2017-Oct-29 15:48:07.351505 INFO [Blockchain] Height 5000 of 7279
2017-Oct-29 15:48:07.374933 INFO [Blockchain] Height 6000 of 7279
2017-Oct-29 15:48:07.397847 INFO [Blockchain] Height 7000 of 7279
2017-Oct-29 15:48:07.404155 INFO [Blockchain] Rebuilding blockchain indices took: 0.171858
2017-Oct-29 15:48:07.404452 INFO [Blockchain] Blockchain initialized. last block: 7278, d2.h17.m55.s52 time ago, current difficulty: 3831
2017-Oct-29 15:48:07.404503 INFO [daemon] Core initialized OK
2017-Oct-29 15:48:07.404728 INFO [daemon] Starting core rpc server on address 127.0.0.1:44715
2017-Oct-29 15:48:07.404843 INFO [daemon] Core rpc server started ok
2017-Oct-29 15:48:07.404905 INFO [daemon] Starting p2p net loop...
2017-Oct-29 15:48:07.404969 INFO [node_server] Starting node_server
2017-Oct-29 15:48:07.967448 INFO [core] 
2017-Oct-29 15:48:07.967448 INFO [core] **********************************************************************
2017-Oct-29 15:48:07.967448 INFO [core] The daemon will start synchronizing with the network. It may take up to several hours.
2017-Oct-29 15:48:07.967448 INFO [core] 
2017-Oct-29 15:48:07.967448 INFO [core] You can set the level of process detailization* through "set_log <level>" command*, where <level> is between 0 (no details) and 4 (very verbose).
2017-Oct-29 15:48:07.967448 INFO [core] 
2017-Oct-29 15:48:07.967448 INFO [core] Use "help" command to see the list of available commands.
2017-Oct-29 15:48:07.967448 INFO [core] 
2017-Oct-29 15:48:07.967448 INFO [core] Note: in case you need to interrupt the process, use "exit" command. Otherwise, the current progress won't be saved.
2017-Oct-29 15:48:07.967448 INFO [core] **********************************************************************
2017-Oct-29 16:13:59.869697 INFO [protocol] [18.221.22.132:44714 OUT] Sync data returned unknown top block: 7278 -> 8033 [755 blocks (0 days) behind] 
2017-Oct-29 16:13:59.869697 INFO [protocol] SYNCHRONIZATION started
2017-Oct-29 16:14:04.003121 INFO [protocol] [18.221.22.132:44714 OUT] SYNCHRONIZED OK
2017-Oct-29 16:14:04.003183 INFO [protocol] 
2017-Oct-29 16:14:04.003183 INFO [protocol] **********************************************************************
2017-Oct-29 16:14:04.003183 INFO [protocol] You are now synchronized with the network. You may now start simplewallet.
2017-Oct-29 16:14:04.003183 INFO [protocol] 
2017-Oct-29 16:14:04.003183 INFO [protocol] Please note, that the blockchain will be saved only after you quit the daemon with "exit" command or if you use "save" command.
2017-Oct-29 16:14:04.003183 INFO [protocol] Otherwise, you will possibly need to synchronize the blockchain again.
2017-Oct-29 16:14:04.003183 INFO [protocol] 
2017-Oct-29 16:14:04.003183 INFO [protocol] Use "help" command to see the list of available commands.
2017-Oct-29 16:14:04.003183 INFO [protocol] **********************************************************************
2017-Oct-29 17:06:33.584626 INFO [node_server] Stop signal sent
2017-Oct-29 17:06:33.584653 INFO [node_server] Stopping NodeServer and it's0 connections...
2017-Oct-29 17:06:34.585627 INFO [node_server] NodeServer loop stopped
2017-Oct-29 17:06:34.585799 INFO [daemon] p2p net loop stopped
2017-Oct-29 17:06:34.585930 INFO [daemon] Stopping core rpc server...
2017-Oct-29 17:06:34.586144 INFO [daemon] Deinitializing core...
2017-Oct-29 17:06:34.586256 INFO [miner] Mining has been stopped, 0 finished
2017-Oct-29 17:06:34.586638 INFO [Blockchain] Saving blockchain...
2017-Oct-29 17:06:34.586967 INFO [BlockCacheSerializer] - saving block index...
2017-Oct-29 17:06:34.588724 INFO [BlockCacheSerializer] - saving transaction map...
2017-Oct-29 17:06:34.591606 INFO [BlockCacheSerializer] - saving spent keys...
2017-Oct-29 17:06:34.591691 INFO [BlockCacheSerializer] - saving outputs...
2017-Oct-29 17:06:34.592743 INFO [BlockCacheSerializer] - saving multi-signature outputs...
2017-Oct-29 17:06:34.592830 INFO [BlockCacheSerializer] Serialization time: 5ms
2017-Oct-29 17:06:34.593260 INFO [Blockchain] Saving blockchain indices...
2017-Oct-29 17:06:34.593455 INFO [BlockchainIndicesSerializer] - saving paymentID index...
2017-Oct-29 17:06:34.593552 INFO [BlockchainIndicesSerializer] - saving timestamp index...
2017-Oct-29 17:06:34.597803 INFO [BlockchainIndicesSerializer] - saving generated transactions index...
2017-Oct-29 17:06:34.599251 INFO [daemon] Deinitializing p2p...
2017-Oct-29 17:06:34.599413 INFO [miner] Mining has been stopped, 0 finished
2017-Oct-29 17:06:34.602612 INFO [daemon] Node stopped.
2017-Nov-01 03:18:49.918690 INFO [daemon] una v0.0.1.1()
2017-Nov-01 03:18:49.919894 INFO [daemon] Module folder: ./unad
2017-Nov-01 03:18:49.929301 INFO [daemon] Initializing p2p server...
2017-Nov-01 03:18:49.929491 INFO [node_server] Binding on 0.0.0.0:44714
2017-Nov-01 03:18:49.929559 INFO [node_server] Net service binded on 0.0.0.0:44714
2017-Nov-01 03:18:49.929603 INFO [node_server] Attempting to add IGD port mapping.
2017-Nov-01 03:18:50.991968 ERROR [node_server] UPNP_AddPortMapping failed.
2017-Nov-01 03:18:50.992172 INFO [daemon] P2p server initialized OK
2017-Nov-01 03:18:50.992316 INFO [daemon] Initializing core...
2017-Nov-01 03:18:50.993158 INFO [Blockchain] Loading blockchain...
2017-Nov-01 03:18:50.993505 WARNING [Blockchain] No actual blockchain cache found, rebuilding internal structures...
2017-Nov-01 03:18:50.993665 INFO [Blockchain] Height 0 of 9117
2017-Nov-01 03:18:51.026593 INFO [Blockchain] Height 1000 of 9117
2017-Nov-01 03:18:51.050784 INFO [Blockchain] Height 2000 of 9117
2017-Nov-01 03:18:51.079445 INFO [Blockchain] Height 3000 of 9117
2017-Nov-01 03:18:51.109134 INFO [Blockchain] Height 4000 of 9117
2017-Nov-01 03:18:51.139326 INFO [Blockchain] Height 5000 of 9117
2017-Nov-01 03:18:51.170806 INFO [Blockchain] Height 6000 of 9117
2017-Nov-01 03:18:51.194538 INFO [Blockchain] Height 7000 of 9117
2017-Nov-01 03:18:51.219226 INFO [Blockchain] Height 8000 of 9117
2017-Nov-01 03:18:51.243205 INFO [Blockchain] Height 9000 of 9117
2017-Nov-01 03:18:51.246144 INFO [Blockchain] Rebuilding internal structures took: 0.252483
2017-Nov-01 03:18:51.246208 INFO [Blockchain] Loading blockchain indices for BlockchainExplorer...
2017-Nov-01 03:18:51.246325 WARNING [Blockchain] No actual blockchain indices for BlockchainExplorer found, rebuilding...
2017-Nov-01 03:18:51.246382 INFO [Blockchain] Height 0 of 9117
2017-Nov-01 03:18:51.270368 INFO [Blockchain] Height 1000 of 9117
2017-Nov-01 03:18:51.294640 INFO [Blockchain] Height 2000 of 9117
2017-Nov-01 03:18:51.319614 INFO [Blockchain] Height 3000 of 9117
2017-Nov-01 03:18:51.343950 INFO [Blockchain] Height 4000 of 9117
2017-Nov-01 03:18:51.367881 INFO [Blockchain] Height 5000 of 9117
2017-Nov-01 03:18:51.394266 INFO [Blockchain] Height 6000 of 9117
2017-Nov-01 03:18:51.419336 INFO [Blockchain] Height 7000 of 9117
2017-Nov-01 03:18:51.442597 INFO [Blockchain] Height 8000 of 9117
2017-Nov-01 03:18:51.470027 INFO [Blockchain] Height 9000 of 9117
2017-Nov-01 03:18:51.473164 INFO [Blockchain] Rebuilding blockchain indices took: 0.226783
2017-Nov-01 03:18:51.473563 INFO [Blockchain] Blockchain initialized. last block: 9116, d0.h0.m33.s25 time ago, current difficulty: 3696
2017-Nov-01 03:18:51.473616 INFO [daemon] Core initialized OK
2017-Nov-01 03:18:51.473709 INFO [daemon] Starting core rpc server on address 127.0.0.1:44715
2017-Nov-01 03:18:51.473787 INFO [daemon] Core rpc server started ok
2017-Nov-01 03:18:51.473831 INFO [daemon] Starting p2p net loop...
2017-Nov-01 03:18:51.473867 INFO [node_server] Starting node_server
2017-Nov-01 03:18:55.253162 INFO [protocol] [18.221.77.2:44714 OUT] Sync data returned unknown top block: 9116 -> 9118 [2 blocks (0 days) behind] 
2017-Nov-01 03:18:55.253162 INFO [protocol] SYNCHRONIZATION started
2017-Nov-01 03:18:56.091400 INFO [protocol] [18.221.77.2:44714 OUT] SYNCHRONIZED OK
2017-Nov-01 03:18:56.091472 INFO [protocol] 
2017-Nov-01 03:18:56.091472 INFO [protocol] **********************************************************************
2017-Nov-01 03:18:56.091472 INFO [protocol] You are now synchronized with the network. You may now start simplewallet.
2017-Nov-01 03:18:56.091472 INFO [protocol] 
2017-Nov-01 03:18:56.091472 INFO [protocol] Please note, that the blockchain will be saved only after you quit the daemon with "exit" command or if you use "save" command.
2017-Nov-01 03:18:56.091472 INFO [protocol] Otherwise, you will possibly need to synchronize the blockchain again.
2017-Nov-01 03:18:56.091472 INFO [protocol] 
2017-Nov-01 03:18:56.091472 INFO [protocol] Use "help" command to see the list of available commands.
2017-Nov-01 03:18:56.091472 INFO [protocol] **********************************************************************
2017-Nov-01 03:18:58.263354 INFO [core] 
2017-Nov-01 03:18:58.263354 INFO [core] **********************************************************************
2017-Nov-01 03:18:58.263354 INFO [core] The daemon will start synchronizing with the network. It may take up to several hours.
2017-Nov-01 03:18:58.263354 INFO [core] 
2017-Nov-01 03:18:58.263354 INFO [core] You can set the level of process detailization* through "set_log <level>" command*, where <level> is between 0 (no details) and 4 (very verbose).
2017-Nov-01 03:18:58.263354 INFO [core] 
2017-Nov-01 03:18:58.263354 INFO [core] Use "help" command to see the list of available commands.
2017-Nov-01 03:18:58.263354 INFO [core] 
2017-Nov-01 03:18:58.263354 INFO [core] Note: in case you need to interrupt the process, use "exit" command. Otherwise, the current progress won't be saved.
2017-Nov-01 03:18:58.263354 INFO [core] **********************************************************************
2017-Nov-01 03:19:29.831933 INFO [node_server] Stop signal sent
2017-Nov-01 03:19:29.831983 INFO [node_server] Stopping NodeServer and it's2 connections...
2017-Nov-01 03:19:29.832833 INFO [node_server] NodeServer loop stopped
2017-Nov-01 03:19:29.832961 INFO [daemon] p2p net loop stopped
2017-Nov-01 03:19:29.833060 INFO [daemon] Stopping core rpc server...
2017-Nov-01 03:19:29.833207 INFO [daemon] Deinitializing core...
2017-Nov-01 03:19:29.833292 INFO [miner] Mining has been stopped, 0 finished
2017-Nov-01 03:19:29.833581 INFO [Blockchain] Saving blockchain...
2017-Nov-01 03:19:29.833904 INFO [BlockCacheSerializer] - saving block index...
2017-Nov-01 03:19:29.835971 INFO [BlockCacheSerializer] - saving transaction map...
2017-Nov-01 03:19:29.839664 INFO [BlockCacheSerializer] - saving spent keys...
2017-Nov-01 03:19:29.839781 INFO [BlockCacheSerializer] - saving outputs...
2017-Nov-01 03:19:29.841032 INFO [BlockCacheSerializer] - saving multi-signature outputs...
2017-Nov-01 03:19:29.841138 INFO [BlockCacheSerializer] Serialization time: 7ms
2017-Nov-01 03:19:29.841616 INFO [Blockchain] Saving blockchain indices...
2017-Nov-01 03:19:29.841844 INFO [BlockchainIndicesSerializer] - saving paymentID index...
2017-Nov-01 03:19:29.841946 INFO [BlockchainIndicesSerializer] - saving timestamp index...
2017-Nov-01 03:19:29.847357 INFO [BlockchainIndicesSerializer] - saving generated transactions index...
2017-Nov-01 03:19:29.849139 INFO [daemon] Deinitializing p2p...
2017-Nov-01 03:19:29.849312 INFO [miner] Mining has been stopped, 0 finished
2017-Nov-01 03:19:29.853379 INFO [daemon] Node stopped.
2017-Nov-05 20:12:48.208907 INFO [daemon] una v0.0.1.1()
2017-Nov-05 20:12:48.234995 INFO [daemon] Module folder: ./unad
2017-Nov-05 20:12:48.235739 INFO [daemon] Initializing p2p server...
2017-Nov-05 20:12:48.236354 INFO [node_server] Binding on 0.0.0.0:44714
2017-Nov-05 20:12:48.236434 INFO [node_server] Net service binded on 0.0.0.0:44714
2017-Nov-05 20:12:48.236498 INFO [node_server] Attempting to add IGD port mapping.
2017-Nov-05 20:12:49.301704 ERROR [node_server] UPNP_AddPortMapping failed.
2017-Nov-05 20:12:49.301958 INFO [daemon] P2p server initialized OK
2017-Nov-05 20:12:49.302110 INFO [daemon] Initializing core...
2017-Nov-05 20:12:49.326072 INFO [Blockchain] Loading blockchain...
2017-Nov-05 20:12:49.338990 WARNING [Blockchain] No actual blockchain cache found, rebuilding internal structures...
2017-Nov-05 20:12:49.339095 INFO [Blockchain] Height 0 of 9900
2017-Nov-05 20:12:49.381097 INFO [Blockchain] Height 1000 of 9900
2017-Nov-05 20:12:49.409145 INFO [Blockchain] Height 2000 of 9900
2017-Nov-05 20:12:49.433857 INFO [Blockchain] Height 3000 of 9900
2017-Nov-05 20:12:49.459542 INFO [Blockchain] Height 4000 of 9900
2017-Nov-05 20:12:49.484943 INFO [Blockchain] Height 5000 of 9900
2017-Nov-05 20:12:49.509910 INFO [Blockchain] Height 6000 of 9900
2017-Nov-05 20:12:49.536415 INFO [Blockchain] Height 7000 of 9900
2017-Nov-05 20:12:49.560863 INFO [Blockchain] Height 8000 of 9900
2017-Nov-05 20:12:49.586989 INFO [Blockchain] Height 9000 of 9900
2017-Nov-05 20:12:49.640093 INFO [Blockchain] Rebuilding internal structures took: 0.300999
2017-Nov-05 20:12:49.640197 INFO [Blockchain] Loading blockchain indices for BlockchainExplorer...
2017-Nov-05 20:12:49.640677 WARNING [Blockchain] No actual blockchain indices for BlockchainExplorer found, rebuilding...
2017-Nov-05 20:12:49.640763 INFO [Blockchain] Height 0 of 9900
2017-Nov-05 20:12:49.664841 INFO [Blockchain] Height 1000 of 9900
2017-Nov-05 20:12:49.688581 INFO [Blockchain] Height 2000 of 9900
2017-Nov-05 20:12:49.712735 INFO [Blockchain] Height 3000 of 9900
2017-Nov-05 20:12:49.736718 INFO [Blockchain] Height 4000 of 9900
2017-Nov-05 20:12:49.761159 INFO [Blockchain] Height 5000 of 9900
2017-Nov-05 20:12:49.784938 INFO [Blockchain] Height 6000 of 9900
2017-Nov-05 20:12:49.807360 INFO [Blockchain] Height 7000 of 9900
2017-Nov-05 20:12:49.830250 INFO [Blockchain] Height 8000 of 9900
2017-Nov-05 20:12:49.854419 INFO [Blockchain] Height 9000 of 9900
2017-Nov-05 20:12:49.876091 INFO [Blockchain] Rebuilding blockchain indices took: 0.235328
2017-Nov-05 20:12:49.876456 INFO [Blockchain] Blockchain initialized. last block: 9899, d0.h19.m33.s21 time ago, current difficulty: 218
2017-Nov-05 20:12:49.876508 INFO [daemon] Core initialized OK
2017-Nov-05 20:12:49.876602 INFO [daemon] Starting core rpc server on address 127.0.0.1:44715
2017-Nov-05 20:12:49.876676 INFO [daemon] Core rpc server started ok
2017-Nov-05 20:12:49.876721 INFO [daemon] Starting p2p net loop...
2017-Nov-05 20:12:49.876757 INFO [node_server] Starting node_server
2017-Nov-05 20:12:54.917232 INFO [protocol] [18.221.77.2:44714 OUT] Sync data returned unknown top block: 9899 -> 9956 [57 blocks (0 days) behind] 
2017-Nov-05 20:12:54.917232 INFO [protocol] SYNCHRONIZATION started
2017-Nov-05 20:12:56.738419 INFO [protocol] [18.221.77.2:44714 OUT] SYNCHRONIZED OK
2017-Nov-05 20:12:56.738487 INFO [protocol] 
2017-Nov-05 20:12:56.738487 INFO [protocol] **********************************************************************
2017-Nov-05 20:12:56.738487 INFO [protocol] You are now synchronized with the network. You may now start simplewallet.
2017-Nov-05 20:12:56.738487 INFO [protocol] 
2017-Nov-05 20:12:56.738487 INFO [protocol] Please note, that the blockchain will be saved only after you quit the daemon with "exit" command or if you use "save" command.
2017-Nov-05 20:12:56.738487 INFO [protocol] Otherwise, you will possibly need to synchronize the blockchain again.
2017-Nov-05 20:12:56.738487 INFO [protocol] 
2017-Nov-05 20:12:56.738487 INFO [protocol] Use "help" command to see the list of available commands.
2017-Nov-05 20:12:56.738487 INFO [protocol] **********************************************************************
2017-Nov-05 20:12:58.966367 INFO [core] 
2017-Nov-05 20:12:58.966367 INFO [core] **********************************************************************
2017-Nov-05 20:12:58.966367 INFO [core] The daemon will start synchronizing with the network. It may take up to several hours.
2017-Nov-05 20:12:58.966367 INFO [core] 
2017-Nov-05 20:12:58.966367 INFO [core] You can set the level of process detailization* through "set_log <level>" command*, where <level> is between 0 (no details) and 4 (very verbose).
2017-Nov-05 20:12:58.966367 INFO [core] 
2017-Nov-05 20:12:58.966367 INFO [core] Use "help" command to see the list of available commands.
2017-Nov-05 20:12:58.966367 INFO [core] 
2017-Nov-05 20:12:58.966367 INFO [core] Note: in case you need to interrupt the process, use "exit" command. Otherwise, the current progress won't be saved.
2017-Nov-05 20:12:58.966367 INFO [core] **********************************************************************
2017-Nov-05 20:13:25.363043 INFO [node_server] Stop signal sent
2017-Nov-05 20:13:25.363096 INFO [node_server] Stopping NodeServer and it's2 connections...
2017-Nov-05 20:13:25.363788 INFO [node_server] NodeServer loop stopped
2017-Nov-05 20:13:25.363894 INFO [daemon] p2p net loop stopped
2017-Nov-05 20:13:25.363964 INFO [daemon] Stopping core rpc server...
2017-Nov-05 20:13:25.364078 INFO [daemon] Deinitializing core...
2017-Nov-05 20:13:25.364150 INFO [miner] Mining has been stopped, 0 finished
2017-Nov-05 20:13:25.364407 INFO [Blockchain] Saving blockchain...
2017-Nov-05 20:13:25.364537 INFO [BlockCacheSerializer] - saving block index...
2017-Nov-05 20:13:25.366255 INFO [BlockCacheSerializer] - saving transaction map...
2017-Nov-05 20:13:25.369352 INFO [BlockCacheSerializer] - saving spent keys...
2017-Nov-05 20:13:25.369436 INFO [BlockCacheSerializer] - saving outputs...
2017-Nov-05 20:13:25.370556 INFO [BlockCacheSerializer] - saving multi-signature outputs...
2017-Nov-05 20:13:25.370639 INFO [BlockCacheSerializer] Serialization time: 6ms
2017-Nov-05 20:13:25.371075 INFO [Blockchain] Saving blockchain indices...
2017-Nov-05 20:13:25.371229 INFO [BlockchainIndicesSerializer] - saving paymentID index...
2017-Nov-05 20:13:25.371308 INFO [BlockchainIndicesSerializer] - saving timestamp index...
2017-Nov-05 20:13:25.374621 INFO [BlockchainIndicesSerializer] - saving generated transactions index...
2017-Nov-05 20:13:25.376449 INFO [daemon] Deinitializing p2p...
2017-Nov-05 20:13:25.376601 INFO [miner] Mining has been stopped, 0 finished
2017-Nov-05 20:13:25.380918 INFO [daemon] Node stopped.
2017-Nov-05 20:13:29.434735 INFO [daemon] una v0.0.1.1()
2017-Nov-05 20:13:29.435063 INFO [daemon] Module folder: ./unad
2017-Nov-05 20:13:29.436405 INFO [daemon] Initializing p2p server...
2017-Nov-05 20:13:29.443860 INFO [node_server] Binding on 0.0.0.0:44714
2017-Nov-05 20:13:29.444058 INFO [node_server] Net service binded on 0.0.0.0:44714
2017-Nov-05 20:13:29.444238 INFO [node_server] Attempting to add IGD port mapping.
2017-Nov-05 20:13:30.515825 ERROR [node_server] UPNP_AddPortMapping failed.
2017-Nov-05 20:13:30.516088 INFO [daemon] P2p server initialized OK
2017-Nov-05 20:13:30.516224 INFO [daemon] Initializing core...
2017-Nov-05 20:13:30.517269 INFO [Blockchain] Loading blockchain...
2017-Nov-05 20:13:30.517571 INFO [BlockCacheSerializer] - loading block index...
2017-Nov-05 20:13:30.521074 INFO [BlockCacheSerializer] - loading transaction map...
2017-Nov-05 20:13:30.525676 INFO [BlockCacheSerializer] - loading spent keys...
2017-Nov-05 20:13:30.525816 INFO [BlockCacheSerializer] - loading outputs...
2017-Nov-05 20:13:30.529590 INFO [BlockCacheSerializer] - loading multi-signature outputs...
2017-Nov-05 20:13:30.529714 INFO [BlockCacheSerializer] Serialization time: 12ms
2017-Nov-05 20:13:30.529795 INFO [Blockchain] Loading blockchain indices for BlockchainExplorer...
2017-Nov-05 20:13:30.529929 INFO [BlockchainIndicesSerializer] - loading paymentID index...
2017-Nov-05 20:13:30.530009 INFO [BlockchainIndicesSerializer] - loading timestamp index...
2017-Nov-05 20:13:30.533465 INFO [BlockchainIndicesSerializer] - loading generated transactions index...
2017-Nov-05 20:13:30.542590 INFO [Blockchain] Blockchain initialized. last block: 9955, d0.h18.m13.s14 time ago, current difficulty: 184
2017-Nov-05 20:13:30.542666 INFO [daemon] Core initialized OK
2017-Nov-05 20:13:30.542852 INFO [daemon] Starting core rpc server on address 127.0.0.1:44715
2017-Nov-05 20:13:30.542932 INFO [daemon] Core rpc server started ok
2017-Nov-05 20:13:30.542980 INFO [daemon] Starting p2p net loop...
2017-Nov-05 20:13:30.543022 INFO [node_server] Starting node_server
2017-Nov-05 20:13:34.683860 INFO [protocol] 
2017-Nov-05 20:13:34.683860 INFO [protocol] **********************************************************************
2017-Nov-05 20:13:34.683860 INFO [protocol] You are now synchronized with the network. You may now start simplewallet.
2017-Nov-05 20:13:34.683860 INFO [protocol] 
2017-Nov-05 20:13:34.683860 INFO [protocol] Please note, that the blockchain will be saved only after you quit the daemon with "exit" command or if you use "save" command.
2017-Nov-05 20:13:34.683860 INFO [protocol] Otherwise, you will possibly need to synchronize the blockchain again.
2017-Nov-05 20:13:34.683860 INFO [protocol] 
2017-Nov-05 20:13:34.683860 INFO [protocol] Use "help" command to see the list of available commands.
2017-Nov-05 20:13:34.683860 INFO [protocol] **********************************************************************
2017-Nov-05 20:13:38.828647 INFO [core] 
2017-Nov-05 20:13:38.828647 INFO [core] **********************************************************************
2017-Nov-05 20:13:38.828647 INFO [core] The daemon will start synchronizing with the network. It may take up to several hours.
2017-Nov-05 20:13:38.828647 INFO [core] 
2017-Nov-05 20:13:38.828647 INFO [core] You can set the level of process detailization* through "set_log <level>" command*, where <level> is between 0 (no details) and 4 (very verbose).
2017-Nov-05 20:13:38.828647 INFO [core] 
2017-Nov-05 20:13:38.828647 INFO [core] Use "help" command to see the list of available commands.
2017-Nov-05 20:13:38.828647 INFO [core] 
2017-Nov-05 20:13:38.828647 INFO [core] Note: in case you need to interrupt the process, use "exit" command. Otherwise, the current progress won't be saved.
2017-Nov-05 20:13:38.828647 INFO [core] **********************************************************************
